JvmtiExport can_access_local_variables 0
JvmtiExport can_hotswap_or_post_breakpoint 0
JvmtiExport can_post_on_exceptions 0
# 668 ciObject found
ciMethod java/lang/Object <init> ()V 4097 1 5861646 0 0
ciMethod java/lang/Object getClass ()Ljava/lang/Class; 2049 1 256 0 -1
ciMethod java/lang/Object hashCode ()I 2049 1 256 0 -1
ciMethod java/lang/Object equals (Ljava/lang/Object;)Z 3073 1 87492 0 -1
ciMethod java/lang/String isEmpty ()Z 2193 1 41743 0 -1
ciMethod java/lang/String equals (Ljava/lang/Object;)Z 2129 10353 2497 0 -1
ciMethod java/lang/String startsWith (Ljava/lang/String;I)Z 2177 2345 5701 0 384
ciMethod java/lang/String startsWith (Ljava/lang/String;)Z 2081 1 616307 0 352
ciMethod java/lang/String endsWith (Ljava/lang/String;)Z 2505 1 136371 0 -1
ciMethod java/lang/String hashCode ()I 2849 32769 1044 0 288
ciMethod java/lang/System arraycopy (Ljava/lang/Object;ILjava/lang/Object;II)V 4097 1 512 0 -1
ciMethod java/lang/Throwable addSuppressed (Ljava/lang/Throwable;)V 0 0 1 0 -1
ciMethod java/util/Properties store (Ljava/io/Writer;Ljava/lang/String;)V 113 1 14 0 -1
ciMethod java/util/Properties getProperty (Ljava/lang/String;)Ljava/lang/String; 2065 1 6468 0 -1
ciMethod java/util/Map containsKey (Ljava/lang/Object;)Z 0 0 1 0 -1
ciMethod java/util/Map get (Ljava/lang/Object;)Ljava/lang/Object; 0 0 1 0 -1
ciMethod java/util/Map put (Ljava/lang/Object;Ljava/lang/Object;)Ljava/lang/Object; 0 0 1 0 -1
ciMethod java/util/Map entrySet ()Ljava/util/Set; 0 0 1 0 -1
ciMethod java/util/Hashtable put (Ljava/lang/Object;Ljava/lang/Object;)Ljava/lang/Object; 2073 777 6368 0 -1
ciMethod java/lang/StringBuilder <init> ()V 1041 1 285084 0 -1
ciMethod java/lang/StringBuilder append (Ljava/lang/String;)Ljava/lang/StringBuilder; 2065 1 695470 0 -1
ciMethod java/lang/StringBuilder toString ()Ljava/lang/String; 1121 1 315513 0 -1
ciMethod sun/misc/Unsafe putObject (Ljava/lang/Object;JLjava/lang/Object;)V 3073 1 384 0 -1
ciMethod sun/misc/Unsafe compareAndSwapObject (Ljava/lang/Object;JLjava/lang/Object;Ljava/lang/Object;)Z 2049 1 256 0 -1
ciMethod java/io/File <init> (Ljava/lang/String;)V 2057 1 6042 0 -1
ciMethod java/io/File <init> (Ljava/io/File;Ljava/lang/String;)V 2057 1 10676 0 -1
ciMethod java/io/File getName ()Ljava/lang/String; 2105 1 5413 0 -1
ciMethod java/io/File getParentFile ()Ljava/io/File; 2049 1 6927 0 -1
ciMethod java/io/File getAbsolutePath ()Ljava/lang/String; 2065 1 67042 0 -1
ciMethod java/io/File delete ()Z 17 1 259 0 -1
ciMethod java/io/File equals (Ljava/lang/Object;)Z 2169 1 12365 0 -1
ciMethod java/util/Collection isEmpty ()Z 0 0 1 0 -1
ciMethod java/util/Collection iterator ()Ljava/util/Iterator; 0 0 1 0 -1
ciMethod java/util/Collection toArray ()[Ljava/lang/Object; 0 0 1 0 -1
ciMethod java/util/Collection add (Ljava/lang/Object;)Z 0 0 1 0 -1
ciMethod java/util/List size ()I 0 0 1 0 -1
ciMethod java/util/List isEmpty ()Z 0 0 1 0 -1
ciMethod java/util/List iterator ()Ljava/util/Iterator; 0 0 1 0 -1
ciMethod java/util/List addAll (Ljava/util/Collection;)Z 0 0 1 0 -1
ciMethod java/util/List get (I)Ljava/lang/Object; 0 0 1 0 -1
ciMethod java/util/List remove (I)Ljava/lang/Object; 0 0 1 0 -1
ciMethod java/util/AbstractList <init> ()V 2049 1 380172 0 32
ciMethod java/util/AbstractList listIterator ()Ljava/util/ListIterator; 2065 1 15825 0 64
ciMethod java/util/AbstractList listIterator (I)Ljava/util/ListIterator; 73 1 9 0 -1
ciMethod java/util/AbstractCollection <init> ()V 473 1 742514 0 32
ciMethod java/util/AbstractCollection size ()I 0 0 1 0 -1
ciMethod java/util/AbstractCollection isEmpty ()Z 3113 1 40665 0 64
ciMethod java/util/AbstractCollection add (Ljava/lang/Object;)Z 0 0 1 0 -1
ciMethod java/util/AbstractCollection addAll (Ljava/util/Collection;)Z 1857 17065 3317 0 224
ciMethod java/util/ArrayList <init> (I)V 2057 1 5377 0 288
ciMethod java/util/ArrayList <init> ()V 1305 1 219215 0 64
ciMethod java/util/ArrayList ensureCapacityInternal (I)V 417 1 262303 0 0
ciMethod java/util/ArrayList ensureExplicitCapacity (I)V 417 1 254994 0 512
ciMethod java/util/ArrayList grow (I)V 89 1 5147 0 480
ciMethod java/util/ArrayList hugeCapacity (I)I 0 0 1 0 -1
ciMethod java/util/ArrayList size ()I 1113 1 139 0 0
ciMethod java/util/ArrayList isEmpty ()Z 3113 1 17757 0 64
ciMethod java/util/ArrayList elementData (I)Ljava/lang/Object; 2137 1 115953 0 96
ciMethod java/util/ArrayList get (I)Ljava/lang/Object; 2137 1 108512 0 128
ciMethod java/util/ArrayList addAll (Ljava/util/Collection;)Z 25 1 5139 0 928
ciMethod java/util/ArrayList rangeCheck (I)V 2137 1 115620 0 64
ciMethod java/util/ArrayList iterator ()Ljava/util/Iterator; 3089 1 10177 0 160
ciMethod java/util/ArrayList access$000 (Ljava/util/ArrayList;)I 1041 1 130 0 0
ciMethod java/util/Set contains (Ljava/lang/Object;)Z 0 0 1 0 -1
ciMethod java/util/Set iterator ()Ljava/util/Iterator; 0 0 1 0 -1
ciMethod java/util/Set add (Ljava/lang/Object;)Z 0 0 1 0 -1
ciMethod java/util/Set addAll (Ljava/util/Collection;)Z 0 0 1 0 -1
ciMethod java/util/AbstractSet <init> ()V 65 1 212449 0 32
ciMethod java/util/AbstractMap <init> ()V 489 1 229783 0 32
ciMethod java/util/HashMap hash (Ljava/lang/Object;)I 2065 1 294866 0 160
ciMethod java/util/HashMap comparableClassFor (Ljava/lang/Object;)Ljava/lang/Class; 969 1 121 0 -1
ciMethod java/util/HashMap compareComparables (Ljava/lang/Class;Ljava/lang/Object;Ljava/lang/Object;)I 0 0 1 0 -1
ciMethod java/util/HashMap <init> ()V 193 1 191310 0 32
ciMethod java/util/HashMap get (Ljava/lang/Object;)Ljava/lang/Object; 2169 1 78047 0 640
ciMethod java/util/HashMap getNode (ILjava/lang/Object;)Ljava/util/HashMap$Node; 2073 25 21780 0 448
ciMethod java/util/HashMap containsKey (Ljava/lang/Object;)Z 113 1 6511 0 640
ciMethod java/util/HashMap put (Ljava/lang/Object;Ljava/lang/Object;)Ljava/lang/Object; 913 1 129514 0 1248
ciMethod java/util/HashMap putVal (ILjava/lang/Object;Ljava/lang/Object;ZZ)Ljava/lang/Object; 937 17 20667 0 1184
ciMethod java/util/HashMap resize ()[Ljava/util/HashMap$Node; 393 169 4867 0 -1
ciMethod java/util/HashMap treeifyBin ([Ljava/util/HashMap$Node;I)V 1 1 8 0 0
ciMethod java/util/HashMap removeNode (ILjava/lang/Object;Ljava/lang/Object;ZZ)Ljava/util/HashMap$Node; 1 1 10251 0 -1
ciMethod java/util/HashMap keySet ()Ljava/util/Set; 3121 1 5556 0 -1
ciMethod java/util/HashMap newNode (ILjava/lang/Object;Ljava/lang/Object;Ljava/util/HashMap$Node;)Ljava/util/HashMap$Node; 2049 1 5395 0 192
ciMethod java/util/HashMap newTreeNode (ILjava/lang/Object;Ljava/lang/Object;Ljava/util/HashMap$Node;)Ljava/util/HashMap$TreeNode; 0 0 1 0 -1
ciMethod java/util/HashMap replacementTreeNode (Ljava/util/HashMap$Node;Ljava/util/HashMap$Node;)Ljava/util/HashMap$TreeNode; 0 0 1 0 -1
ciMethod java/util/HashMap afterNodeAccess (Ljava/util/HashMap$Node;)V 2057 1 1285 0 0
ciMethod java/util/HashMap afterNodeInsertion (Z)V 2049 1 1293 0 0
ciMethod java/util/Map$Entry getValue ()Ljava/lang/Object; 0 0 1 0 -1
ciMethod java/util/HashMap$Node <init> (ILjava/lang/Object;Ljava/lang/Object;Ljava/util/HashMap$Node;)V 2081 1 12552 0 96
ciMethod java/lang/Math max (II)I 417 1 203792 0 -1
ciMethod java/util/Arrays copyOf ([Ljava/lang/Object;I)[Ljava/lang/Object; 2065 1 23050 0 352
ciMethod java/util/Arrays copyOf ([Ljava/lang/Object;ILjava/lang/Class;)[Ljava/lang/Object; 2689 1 7505 0 -1
ciMethod java/util/Iterator hasNext ()Z 0 0 1 0 -1
ciMethod java/util/Iterator next ()Ljava/lang/Object; 0 0 1 0 -1
ciMethod java/io/OutputStreamWriter close ()V 1401 1 174 0 -1
ciMethod java/util/LinkedHashMap linkNodeLast (Ljava/util/LinkedHashMap$Entry;)V 3097 1 6796 0 0
ciMethod java/util/LinkedHashMap newNode (ILjava/lang/Object;Ljava/lang/Object;Ljava/util/HashMap$Node;)Ljava/util/HashMap$Node; 3097 1 6793 0 288
ciMethod java/util/LinkedHashMap afterNodeInsertion (Z)V 3105 1 13144 0 128
ciMethod java/util/LinkedHashMap afterNodeAccess (Ljava/util/HashMap$Node;)V 657 1 5220 0 288
ciMethod java/util/LinkedHashMap removeEldestEntry (Ljava/util/Map$Entry;)Z 1369 1 171 0 0
ciMethod java/lang/Enum ordinal ()I 1121 1 140 0 -1
ciMethod java/util/LinkedHashMap$Entry <init> (ILjava/lang/Object;Ljava/lang/Object;Ljava/util/HashMap$Node;)V 3097 1 6845 0 0
ciMethodData java/lang/Object <init> ()V 2 5861646 orig 264 56 157 25 96 0 0 0 0 128 4 12 22 0 0 0 0 32 1 0 0 0 0 0 0 0 0 0 0 0 0 0 0 0 0 0 0 0 0 0 0 0 0 0 0 0 0 0 0 0 0 0 0 0 0 0 0 0 0 0 0 0 0 0 0 0 0 0 0 0 0 0 0 0 0 0 0 0 0 0 0 77 68 79 32 101 120 116 114 97 32 100 97 116 97 32 108 111 99 107 0 0 0 0 0 0 0 0 0 0 0 0 0 0 0 0 0 0 0 0 0 0 0 0 0 0 0 0 0 0 0 0 0 0 0 0 0 0 0 0 0 0 0 0 0 0 0 0 0 0 0 0 0 0 0 0 0 0 0 0 0 0 0 0 0 0 0 0 0 0 0 0 0 0 0 0 0 0 0 0 0 0 0 0 0 1 0 0 0 0 0 0 0 1 0 0 0 0 0 0 0 1 0 0 0 0 0 0 0 0 0 0 0 0 0 0 0 0 2 0 0 113 120 203 2 1 0 0 0 0 0 0 0 0 0 0 0 2 0 0 0 0 0 3 0 1 0 0 0 0 0 0 0 255 255 255 255 0 0 0 0 0 0 0 0 data 0 oops 0
ciMethod java/util/HashMap$TreeNode root ()Ljava/util/HashMap$TreeNode; 0 0 1 0 -1
ciMethod java/util/HashMap$TreeNode moveRootToFront ([Ljava/util/HashMap$Node;Ljava/util/HashMap$TreeNode;)V 81 1 10 0 -1
ciMethod java/util/HashMap$TreeNode find (ILjava/lang/Object;Ljava/lang/Class;)Ljava/util/HashMap$TreeNode; 73 89 9 0 -1
ciMethod java/util/HashMap$TreeNode getTreeNode (ILjava/lang/Object;)Ljava/util/HashMap$TreeNode; 9 1 1 0 -1
ciMethod java/util/HashMap$TreeNode tieBreakOrder (Ljava/lang/Object;Ljava/lang/Object;)I 937 1 117 0 -1
ciMethod java/util/HashMap$TreeNode treeify ([Ljava/util/HashMap$Node;)V 49 993 6 0 -1
ciMethod java/util/HashMap$TreeNode putTreeVal (Ljava/util/HashMap;[Ljava/util/HashMap$Node;ILjava/lang/Object;Ljava/lang/Object;)Ljava/util/HashMap$TreeNode; 17 41 3 0 0
ciMethod java/util/HashMap$TreeNode split (Ljava/util/HashMap;[Ljava/util/HashMap$Node;II)V 17 153 4 0 -1
ciMethod java/util/HashMap$TreeNode balanceInsertion (Ljava/util/HashMap$TreeNode;Ljava/util/HashMap$TreeNode;)Ljava/util/HashMap$TreeNode; 417 249 52 0 -1
ciMethodData java/lang/String hashCode ()I 2 23156 orig 264 56 157 25 96 0 0 0 0 0 80 12 22 0 0 0 0 152 1 0 0 32 0 0 0 0 0 0 0 0 0 0 0 0 0 0 0 0 0 0 0 0 0 0 0 0 0 0 0 0 0 0 0 0 0 0 0 0 0 0 0 0 0 0 0 0 0 0 0 0 0 0 0 0 0 0 0 0 0 0 0 77 68 79 32 101 120 116 114 97 32 100 97 116 97 32 108 111 99 107 0 0 0 0 0 0 0 0 0 0 0 0 0 0 0 0 0 0 0 0 0 0 0 0 0 0 0 0 0 0 0 0 0 0 0 0 0 0 0 0 0 0 0 0 0 0 0 0 0 0 0 0 0 0 0 0 0 0 0 0 0 0 0 0 0 0 0 0 0 0 0 0 0 0 0 0 0 0 0 0 0 0 0 0 0 1 0 0 0 0 0 0 0 0 0 0 0 0 0 0 0 1 0 0 0 0 0 0 0 0 0 0 0 0 0 0 0 0 16 0 0 129 21 0 0 161 83 2 0 0 0 0 0 0 0 0 0 2 0 0 0 1 0 11 0 2 0 0 0 120 0 0 0 255 255 255 255 7 0 6 0 0 0 0 0 data 15 0x60007 0xf2 0x78 0x1be 0xe0007 0x3 0x58 0x1bb 0x1e0007 0x1bb 0x38 0x4a64 0x2d0003 0x4a64 0xffffffffffffffe0 oops 0
ciMethod java/util/HashSet <init> ()V 17 1 55746 0 192
ciMethod java/util/HashSet iterator ()Ljava/util/Iterator; 2105 1 10965 0 1184
ciMethod java/util/HashSet add (Ljava/lang/Object;)Z 2137 1 66871 0 160
ciMethod java/util/ListIterator next ()Ljava/lang/Object; 0 0 1 0 -1
ciMethodData java/util/HashMap hash (Ljava/lang/Object;)I 2 294866 orig 264 56 157 25 96 0 0 0 0 24 142 26 22 0 0 0 0 176 1 0 0 0 0 0 0 0 0 0 0 0 0 0 0 0 0 0 0 0 0 0 0 0 0 0 0 0 0 0 0 0 0 0 0 0 0 0 0 0 0 0 0 0 0 0 0 0 0 0 0 0 0 0 0 0 0 0 0 0 0 0 0 77 68 79 32 101 120 116 114 97 32 100 97 116 97 32 108 111 99 107 0 0 0 0 0 0 0 0 0 0 0 0 0 0 0 0 0 0 0 0 0 0 0 0 0 0 0 0 0 0 0 0 0 0 0 0 0 0 0 0 0 0 0 0 0 1 0 0 0 1 0 0 0 0 0 0 0 0 0 0 0 0 0 0 0 0 0 0 0 0 0 0 0 0 0 0 0 0 0 0 3 0 0 0 0 17 0 0 0 0 0 0 0 0 0 0 0 0 0 0 0 0 0 0 0 0 0 0 0 0 0 0 0 0 0 0 0 2 1 0 0 129 246 35 0 1 0 0 0 172 125 0 0 0 0 0 0 2 0 0 0 0 0 6 0 2 0 0 0 104 0 0 0 255 255 255 255 7 224 1 0 0 0 0 0 data 13 0x1e007 0x47ebc 0x38 0x17 0x50003 0x17 0x48 0x90005 0x19bfc 0x1b39e60 0x2ff 0x1b397a0 0x2c8bb oops 2